14830
14930
14921
14725
14932
15030
40383
14709
40430
40479
14763
15168
15246
40328
15348
40400
40309
40336
40445
40387
15221
14915
15276
14838
15100
40350
15222
15372
40507
14832
40515
15212
15333
14772
15214
40423
15134
14775
40312
40404
15351
40416
14926
41488
15194
40346
40444
40367
15318
40544
14790
40470
40353
14828
14912
15058
15083
40452
14909
15329
15004
15016
14798
40391
40407
40510
40438
41487
14969
40304
15109
14903
14845
15122
40327
15078
15370
40326
15320
15169
40361
40256
14826
40301
15119
14874
15141
15139
14842
14973
40488
40406
15210
40436
15123
41329
15406
40421
15121
41395
40321
14917
15364
14982
40299
40446
15224
40447
40373
14980
15019
40254
15155
15064
40325
40360
41450
40413
15144
40484
40397
15007
40340
40422
14918
15258
14823
15337
14866
40324
15326
15131
15052
40276
15154
15315
15353
15283
15306
14974
40388
14776
15346
15236
40310
14983
14877
40458
14890
41382
14792
14943
40482
14933
15417
14955
15365
40266
15328
15152
15067
15428
15130
40389
40483
15336
15010
15125
40502
14850
40317
15089
40268
41400
40393
14714
14843
40405
14737
15186
40358
40343
40508
40384
14884
15429
15419
15196
40517
15323
15409
15215
15430
15374
40506
40307
40403
15177
15219
41406
14730
14942
14781
15420
40341
14956
40363
40344
15165
15418
15334
40355
40493
15240
15422
14731
15075
15416
15349
14817
14712
40381
40511
41426
15414
15092
14816
14813
15187
15275
40362
41486
15255
14796
40448
15188
15127
40485
40440
40243
40305
15297
14938
40140
15404
40300
40481
40414
14789
15227
40476
15264
40480
40257
14871
40409
14914
15302
15292
14831
40320
14945
40311
15244
40425
15095
40408
14870
41484
15330
14993
40472
40357
14733
14899
40333
15241
40347
15424
40519
15110
40418
15176
15287
40375
15034
14925
14875
40516
15260
15180
14744
15157
15288
41381
40473
15405
40475
15265
15321
15149
15415
40487
15156
40417
14734
40396
14822
40556
14748
15311
15175
40514
40164
40471
40490
15195
40359
40370
40385
40411
15166
15082
15249
15423
15174
15005
41485
40354
15432
40314
40505
15361
40318
40379
15382
15068
15203
15410
15117
14937
15403
40303
40272
40424
40364
15098
40486
40241
14745
40306
15327
15009
40395
41418
40428
40462
15243
15037
40503
15039
15426
41483
14894
14795
40420
15216
15277
14972
41216
15332
14808
14794
40248
14779
40260
15063
40377
40478
40335
14797
15304
40313
15173
14708
15230
15024
14762
15345
14888
15377
14913
15411
14740
40315
14713
15261
40264
15211
15350
41489
40302
15325
40477
40392
14721
14868
15014
14814
15375
41363
15105
15413
15379
14948
14793
15412
14824
14812
40332
15421
15065
15124
40323
40437
15161
15355
15080
15171
14704
40435
40410
15319
15071
40322
15331
40394
15138
14724
40402
40399
14821
40401
40319
14897
40455
15340
15256
40442
15294
40330
40308
41498
15262
40259
15407
41392
15084
15289
40368
15205
41453
40345
15226
40501
40398
40504
15184
15018
15118
14774
15074
14873
14856
40419
15148
14761
15425
15408
40371
15178
14801
40412
40390
15358
14867
14815
40263
40474
40374
14837
15310
15356
40166
40415
15192
40273
40351
40382
15427
