9566
80943
80532
80800
81175
80418
80835
9737
80928
80101
10903
81057
80277
13229
10460
80280
80758
80899
8651
80992
9523
80989
80689
80732
80782
10459
80775
80678
9759
80690
80425
12591
10940
9726
12425
80227
12424
80822
9481
80960
11530
81036
10902
12595
11433
10966
80366
11274
9512
81253
10794
8770
80855
80951
10458
80861
9517
81196
9561
10153
11453
10461
10463
12675
81244
81178
80937
80322
10643
80420
10099
80893
10084
80682
80560
80765
9411
80877
81187
80903
11425
80686
10104
9568
80274
8808
80852
80413
80302
80061
11333
81026
10531
10462
11624
80761
81188
12592
80987
80842
