69125
63254
61487
31293
17106
10509
91364
89905
80278
5173
108213
40759
68874
5183
35202
8983
47981
37761
28830
96841
53190
113064
6850
51550
49998
19293
39674
37707
47633
47640
100055
76440
79263
1127
65212
70393
70573
13538
83581
7928
85235
19513
108406
107528
71084
112393
85303
2023
87760
41243
14157
94497
49044
101225
52216
13854
44386
112467
94637
78844
100738
25078
34526
79350
106305
48603
81694
79983
98292
92350
15695
57437
83111
88202
64227
84403
27942
45451
66305
111435
85237
111694
27
13835
63785
110394
73122
21863
44949
56081
97316
47535
79915
115184
42538
91118
70824
17568
96512
47772
95204
52451
111671
63890
91216
64849
85008
60181
87028
51132
91141
64917
2331
65634
101693
104737
1516
14120
91289
95431
1994
80040
75770
86668
26517
65057
101480
100211
34752
65602
64352
13518
93138
32217
19415
77934
36172
77593
4426
72166
77530
57309
52156
36832
35005
102572
107201
70980
39771
17261
70877
82925
80108
105593
74733
80725
45700
31468
11845
42147
10370
21925
5605
102578
56877
72597
56405
32168
28723
29372
49183
69440
48552
17047
104956
82484
80251
107803
100
54552
52108
55434
55240
53736
73685
17029
72258
73745
70640
73670
33996
20101
78954
91326
80904
61426
15116
20361
114416
40994
10362
22796
21189
48777
114586
114305
5989
94091
7166
29862
73119
62546
67477
16406
51231
57795
106758
51086
82121
31077
29392
75336
93108
98502
79774
67075
91796
3536
63534
51934
7523
58725
107516
34514
72314
72741
8028
53387
22660
115176
111545
13254
101246
87241
86789
47209
15270
10812
78817
87977
2529
52805
83471
79073
82075
65142
64688
52713
70871
77160
84214
113548
40850
63459
24243
9466
8728
54249
8781
12686
17219
65542
46100
103257
106029
78005
10844
9528
91079
91772
100483
61697
72880
76876
111271
4376
8190
69538
46056
112152
62666
37790
59369
32794
88393
108042
79068
86491
83637
56289
21038
16679
27439
48409
53368
109129
67082
9050
105586
40062
11419
4225
13613
33
47067
38286
39748
12692
47675
85684
93797
6579
83479
88175
63798
55586
60831
19757
110690
3929
64031
63821
19503
17611
61380
56577
16725
47598
7869
107775
93154
86855
3499
53222
2292
84239
110817
74069
19898
75170
106554
58040
74718
77508
69082
11918
101780
8143
54596
31570
5448
22126
83554
51975
62145
45295
73411
52476
14973
97844
108002
45563
39437
115109
11551
105846
88137
101500
104268
25640
100594
17842
60767
19949
70703
79147
53295
46376
49039
45932
90115
20287
103119
100423
72866
86906
97478
69409
108311
95093
51281
18454
89582
34393
105960
83448
94183
50181
84435
18468
85782
71005
73214
64485
60941
46763
35909
80300
84457
102876
77894
27410
106132
80043
59084
96731
88025
104358
54036
86727
59305
96359
2166
6100
49311
71793
27862
9196
4507
79988
50525
36090
67272
55962
36163
56185
107710
112856
54134
106937
10280
22109
94026
47151
90438
81055
101873
53931
79183
92907
105584
73811
88479
92404
36199
15602
115277
20532
11660
64491
89944
49218
6895
74830
80726
108180
31391
58118
40200
38047
19879
89618
107397
79523
98093
112659
48778
112829
94106
35448
93075
92716
72777
107116
9698
54782
5050
52985
38734
83684
65339
43524
94179
23240
57930
15309
68021
17598
64506
24328
91098
104620
68807
89108
49475
86273
20452
70701
23411
113625
89609
60905
16601
41497
52097
37503
19669
13025
61454
47782
3839
73032
80733
52490
114368
55304
63095
78734
73914
50078
61770
23129
111945
94740
103603
29320
92797
39636
101125
83876
78231
69791
106477
18748
83038
57320
70572
19134
9762
40067
64714
87159
8465
100410
53411
42262
16705
77101
4015
95881
17523
60853
26281
60799
92507
71022
73352
98114
90753
12571
107152
25366
11198
41543
70336
5423
92788
111424
78110
6797
7469
83149
74778
111884
8512
114316
106234
110275
46072
76544
104757
78706
17508
15023
17768
99363
68438
70781
54063
8076
67421
47435
105535
108775
29703
103641
103840
30617
114538
83832
111600
41726
31432
89886
79898
53739
98435
53203
26327
13579
95915
112241
28731
62997
28914
105845
113219
96772
45478
4610
98934
87015
41040
105434
103579
72819
22836
45587
25889
64266
88839
65739
53751
25579
68931
83690
105790
105599
3862
7156
56454
4617
25860
111896
39725
105667
75723
16070
113677
75192
65469
112237
91880
17022
110677
96785
98493
42711
22455
102270
64396
30752
58117
96218
83424
46724
72670
30785
16102
37314
110764
10526
23920
83725
43346
24857
66753
78474
64198
107351
107470
48770
61879
96376
107649
72323
42310
51453
67856
74142
50598
71085
42771
61629
99926
61962
34049
114980
42741
43734
79824
51140
40906
30292
15565
60971
82724
36029
70761
95459
6132
61260
85833
48954
42092
18501
78482
80990
6016
1961
61009
108128
35384
93533
81516
29302
48951
3942
14090
107297
74307
69614
2110
24023
24615
9499
79005
24256
78658
96228
73554
63514
82081
53495
34223
87389
60565
30802
36687
1424
28002
13472
44947
56264
114581
40382
55688
70770
93145
96889
53209
66276
33941
31697
5436
85628
42906
73565
102208
73543
76517
96324
52035
24010
12894
71659
12127
59370
14008
72203
11421
87945
28215
109702
109774
57172
46747
78098
72745
13483
17536
74313
81455
95969
60643
98281
74928
62845
63371
34137
92442
4398
108561
4156
70528
3174
100504
78541
77404
4290
90260
114037
76972
55375
3617
113342
86146
49151
88092
27295
72963
47377
57687
66709
27205
96109
54505
6363
89135
92900
58349
78049
3556
4668
81480
54988
18881
58337
78571
87903
4851
80480
95155
12380
60443
53880
4983
35406
51580
83364
96565
30231
39323
89638
68398
32371
89306
6910
3571
36068
71685
24552
95959
10869
32615
76684
3349
19096
106330
34447
86296
53365
111559
29211
21202
81654
115300
81503
81080
98171
107374
78652
94320
76292
7789
36424
85629
32988
109157
6834
59544
32773
93129
94993
100304
548
29789
89850
114625
15123
26555
85486
14788
45089
24326
43538
60480
75011
108134
32449
52894
11774
104055
1023
108836
47603
20316
47201
102314
75737
6610
104610
69445
87207
53002
98793
79473
22123
88349
108884
67660
41980
46411
72716
95835
27052
44977
16520
114744
38553
82347
51710
9126
92632
45871
26115
82726
105935
27708
76570
76987
5517
42279
72055
79342
77320
100217
47459
52132
63496
72236
69176
13143
95096
92548
42304
71118
103413
56767
30849
53526
75863
71252
12029
92028
60498
102649
25187
62347
51704
