51674
50729
51213
51985
52582
53467
51392
52712
52348
51994
50600
51622
52895
51621
53876
51681
52811
52901
53028
53860
51394
51656
53567
51665
52416
51667
50216
50791
50214
51628
51085
50444
50259
51386
52882
53373
51647
50763
53278
52413
51355
50920
50812
53856
53533
52948
52378
52091
51678
51996
50435
50278
52162
51946
51642
52857
52714
53709
52939
53306
51963
51403
51384
50969
50704
50323
51672
50934
51636
52631
53637
52394
51219
50949
51882
52751
51639
52037
51982
52973
51677
51177
51627
51948
50351
53280
53557
51157
52985
53003
50245
51984
50449
50309
51643
53176
50489
52734
51679
53117
