112853
9699
40989
97631
77633
74777
107551
58932
23449
82252
26360
96381
15718
48217
112085
111899
54571
23425
52697
7779
69870
82106
9358
83590
37510
87118
35755
78353
2612
52116
98642
109675
56053
31951
32505
70138
18650
16313
102812
19309
101512
57479
94314
90188
26050
53786
85829
71553
35064
48590
41228
17752
110931
55963
2627
49223
61546
113387
17137
10281
28036
85344
69023
55594
64091
75152
38013
83726
17549
77309
108532
52188
14919
28760
100279
41935
98877
50916
104386
30466
41421
99136
45723
110052
40458
24299
69567
98525
27196
40250
83781
90363
64456
23740
25476
19805
54374
10726
39175
71086
